<?xml version="1.0" encoding="UTF-8"?>
<!-- Generated by org.testng.reporters.JUnitReportReporter -->
<testsuite hostname="DESKTOP-5EDC9RL" failures="1" tests="2" name="cucumberOptions.FailedTestNgRunner2" time="20.658" errors="0" timestamp="2023-10-06T16:09:03 IST" skipped="0">
  <testcase classname="cucumberOptions.FailedTestNgRunner2" name="runScenario" time="10.519">
    <failure message="expected [Strawberry] but found [No data]" type="java.lang.AssertionError">
      <![CDATA[java.lang.AssertionError: expected [Strawberry] but found [No data]
at org.testng.Assert.fail(Assert.java:97)
at org.testng.Assert.assertEqualsImpl(Assert.java:136)
at org.testng.Assert.assertEquals(Assert.java:118)
at org.testng.Assert.assertEquals(Assert.java:575)
at org.testng.Assert.assertEquals(Assert.java:585)
at stepDefinition.OfferPageStepDefinition.validate_product_in_offer_page_matches_with_Landing_page(OfferPageStepDefinition.java:59)
at âœ½.validate product in offer page matches with Landing page(file:///C:/Users/Elucidate/eclipse-workspace/dellautomation/src/test/java/features/searchproduct.feature:7)
]]>
    </failure>
  </testcase> <!-- runScenario -->
  <testcase classname="cucumberOptions.FailedTestNgRunner2" name="runScenario" time="10.139"/>
</testsuite> <!-- cucumberOptions.FailedTestNgRunner2 -->
